%!Adobe-FontList 1.23
%Locale:0x409

%BeginFont
Handler:DirectoryHandler
FontType:Invalid
OutlineFileName:/Users/cameronmoy/Downloads/abba_package Folder/Document fonts/AdobeFnt23.lst
FileLength:7823
FileModTime:691693478
%EndFont

%BeginFont
Handler:DirectoryHandler
FontType:Type1
FontName:MinionPro-Regular
FamilyName:Minion Pro
StyleName:Regular
MenuName:Minion Pro
StyleBits:0
WeightClass:400
WidthClass:5
AngleClass:0
FullName:Minion Pro
WritingScript:Roman
OutlineFileName:/Users/cameronmoy/Downloads/abba_package Folder/Document fonts/MinionPro-Regular.otf
DataFormat:sfntData
UsesStandardEncoding:yes
isCFF:yes
hasSVG:no
VariableFontType:NonVariableFont
FileLength:218640
FileModTime:691687897
DesignSize:110
NameArray:0,Mac,4,Minion Pro
NameArray:0,Win,1,Minion Pro
%EndFont

%BeginFont
Handler:DirectoryHandler
FontType:TrueType
FontName:Baskerville
FamilyName:Baskerville
StyleName:Regular
MenuName:Baskerville
StyleBits:0
WeightClass:400
WidthClass:5
AngleClass:0
FullName:Baskerville
WritingScript:Roman
OutlineFileName:/Users/cameronmoy/Downloads/abba_package Folder/Document fonts/Baskerville.ttc
TTCOffset:48
DataFormat:sfntData
hasSVG:no
VariableFontType:NonVariableFont
FileLength:1371312
FileModTime:691693478
NameArray:0,Mac,4,Baskerville
NameArray:0,Win,1,Baskerville
%EndFont

%BeginFont
Handler:DirectoryHandler
FontType:TrueType
FontName:Baskerville-Bold
FamilyName:Baskerville
StyleName:Bold
MenuName:Baskerville
StyleBits:2
WeightClass:700
WidthClass:5
AngleClass:0
FullName:Baskerville Bold
WritingScript:Roman
OutlineFileName:/Users/cameronmoy/Downloads/abba_package Folder/Document fonts/Baskerville.ttc
TTCOffset:284
DataFormat:sfntData
hasSVG:no
VariableFontType:NonVariableFont
FileLength:1371312
FileModTime:691693478
NameArray:0,Mac,4,Baskerville Bold
NameArray:0,Win,1,Baskerville
%EndFont

%BeginFont
Handler:DirectoryHandler
FontType:TrueType
FontName:Baskerville-BoldItalic
FamilyName:Baskerville
StyleName:Bold Italic
MenuName:Baskerville
StyleBits:3
WeightClass:700
WidthClass:5
AngleClass:1
FullName:Baskerville Bold Italic
WritingScript:Roman
OutlineFileName:/Users/cameronmoy/Downloads/abba_package Folder/Document fonts/Baskerville.ttc
TTCOffset:772
DataFormat:sfntData
hasSVG:no
VariableFontType:NonVariableFont
FileLength:1371312
FileModTime:691693478
NameArray:0,Mac,4,Baskerville Bold Italic
NameArray:0,Win,1,Baskerville
%EndFont

%BeginFont
Handler:DirectoryHandler
FontType:TrueType
FontName:Baskerville-Italic
FamilyName:Baskerville
StyleName:Italic
MenuName:Baskerville
StyleBits:1
WeightClass:400
WidthClass:5
AngleClass:1
FullName:Baskerville Italic
WritingScript:Roman
OutlineFileName:/Users/cameronmoy/Downloads/abba_package Folder/Document fonts/Baskerville.ttc
TTCOffset:520
DataFormat:sfntData
hasSVG:no
VariableFontType:NonVariableFont
FileLength:1371312
FileModTime:691693478
NameArray:0,Mac,4,Baskerville Italic
NameArray:0,Win,1,Baskerville
%EndFont

%BeginFont
Handler:DirectoryHandler
FontType:TrueType
FontName:Baskerville-SemiBold
FamilyName:Baskerville
StyleName:SemiBold
MenuName:Baskerville
StyleBits:0
WeightClass:600
WidthClass:5
AngleClass:0
FullName:Baskerville SemiBold
WritingScript:Roman
OutlineFileName:/Users/cameronmoy/Downloads/abba_package Folder/Document fonts/Baskerville.ttc
TTCOffset:1024
DataFormat:sfntData
hasSVG:no
VariableFontType:NonVariableFont
FileLength:1371312
FileModTime:691693478
NameArray:0,Mac,4,Baskerville SemiBold
NameArray:0,Win,1,Baskerville
%EndFont

%BeginFont
Handler:DirectoryHandler
FontType:TrueType
FontName:Baskerville-SemiBoldItalic
FamilyName:Baskerville
StyleName:SemiBold Italic
MenuName:Baskerville
StyleBits:1
WeightClass:600
WidthClass:5
AngleClass:1
FullName:Baskerville SemiBold Italic
WritingScript:Roman
OutlineFileName:/Users/cameronmoy/Downloads/abba_package Folder/Document fonts/Baskerville.ttc
TTCOffset:1260
DataFormat:sfntData
hasSVG:no
VariableFontType:NonVariableFont
FileLength:1371312
FileModTime:691693478
NameArray:0,Mac,4,Baskerville SemiBold Italic
NameArray:0,Win,1,Baskerville
%EndFont

%BeginFont
Handler:DirectoryHandler
FontType:TrueType
FontName:BodoniSvtyTwoITCTT-Bold
FamilyName:Bodoni 72
StyleName:Bold
MenuName:Bodoni 72
StyleBits:2
WeightClass:700
WidthClass:5
AngleClass:0
FullName:Bodoni 72 Bold
WritingScript:Roman
OutlineFileName:/Users/cameronmoy/Downloads/abba_package Folder/Document fonts/Bodoni 72.ttc
TTCOffset:540
DataFormat:sfntData
hasSVG:no
VariableFontType:NonVariableFont
FileLength:427652
FileModTime:691693478
NameArray:0,Mac,4,Bodoni 72 Bold
NameArray:0,Win,1,Bodoni 72
%EndFont

%BeginFont
Handler:DirectoryHandler
FontType:TrueType
FontName:BodoniSvtyTwoITCTT-Book
FamilyName:Bodoni 72
StyleName:Book
MenuName:Bodoni 72
StyleBits:0
WeightClass:400
WidthClass:5
AngleClass:0
FullName:Bodoni 72 Book
WritingScript:Roman
OutlineFileName:/Users/cameronmoy/Downloads/abba_package Folder/Document fonts/Bodoni 72.ttc
TTCOffset:36
DataFormat:sfntData
hasSVG:no
VariableFontType:NonVariableFont
FileLength:427652
FileModTime:691693478
NameArray:0,Mac,4,Bodoni 72 Book
NameArray:0,Win,1,Bodoni 72
%EndFont

%BeginFont
Handler:DirectoryHandler
FontType:TrueType
FontName:BodoniSvtyTwoITCTT-BookIta
FamilyName:Bodoni 72
StyleName:Book Italic
MenuName:Bodoni 72
StyleBits:1
WeightClass:400
WidthClass:5
AngleClass:1
FullName:Bodoni 72 Book Italic
WritingScript:Roman
OutlineFileName:/Users/cameronmoy/Downloads/abba_package Folder/Document fonts/Bodoni 72.ttc
TTCOffset:288
DataFormat:sfntData
hasSVG:no
VariableFontType:NonVariableFont
FileLength:427652
FileModTime:691693478
NameArray:0,Mac,4,Bodoni 72 Book Italic
NameArray:0,Win,1,Bodoni 72
%EndFont

%BeginFont
Handler:DirectoryHandler
FontType:TrueType
FontName:Optima-Bold
FamilyName:Optima
StyleName:Bold
MenuName:Optima
StyleBits:2
WeightClass:700
WidthClass:5
AngleClass:0
FullName:Optima Bold
WritingScript:Roman
OutlineFileName:/Users/cameronmoy/Downloads/abba_package Folder/Document fonts/Optima.ttc
TTCOffset:296
DataFormat:sfntData
hasSVG:no
VariableFontType:NonVariableFont
FileLength:263984
FileModTime:691693478
NameArray:0,Mac,4,Optima Bold
%EndFont

%BeginFont
Handler:DirectoryHandler
FontType:TrueType
FontName:Optima-BoldItalic
FamilyName:Optima
StyleName:Bold Italic
MenuName:Optima
StyleBits:3
WeightClass:700
WidthClass:5
AngleClass:1
FullName:Optima Bold Italic
WritingScript:Roman
OutlineFileName:/Users/cameronmoy/Downloads/abba_package Folder/Document fonts/Optima.ttc
TTCOffset:800
DataFormat:sfntData
hasSVG:no
VariableFontType:NonVariableFont
FileLength:263984
FileModTime:691693478
NameArray:0,Mac,4,Optima Bold Italic
%EndFont

%BeginFont
Handler:DirectoryHandler
FontType:TrueType
FontName:Optima-ExtraBlack
FamilyName:Optima
StyleName:ExtraBlack
MenuName:Optima
StyleBits:2
WeightClass:900
WidthClass:5
AngleClass:0
FullName:Optima ExtraBlack
WritingScript:Roman
OutlineFileName:/Users/cameronmoy/Downloads/abba_package Folder/Document fonts/Optima.ttc
TTCOffset:1052
DataFormat:sfntData
hasSVG:no
VariableFontType:NonVariableFont
FileLength:263984
FileModTime:691693478
NameArray:0,Mac,4,Optima ExtraBlack
%EndFont

%BeginFont
Handler:DirectoryHandler
FontType:TrueType
FontName:Optima-Italic
FamilyName:Optima
StyleName:Italic
MenuName:Optima
StyleBits:1
WeightClass:400
WidthClass:5
AngleClass:1
FullName:Optima Italic
WritingScript:Roman
OutlineFileName:/Users/cameronmoy/Downloads/abba_package Folder/Document fonts/Optima.ttc
TTCOffset:548
DataFormat:sfntData
hasSVG:no
VariableFontType:NonVariableFont
FileLength:263984
FileModTime:691693478
NameArray:0,Mac,4,Optima Italic
%EndFont

%BeginFont
Handler:DirectoryHandler
FontType:TrueType
FontName:Optima-Regular
FamilyName:Optima
StyleName:Regular
MenuName:Optima
StyleBits:0
WeightClass:400
WidthClass:5
AngleClass:0
FullName:Optima Regular
WritingScript:Roman
OutlineFileName:/Users/cameronmoy/Downloads/abba_package Folder/Document fonts/Optima.ttc
TTCOffset:44
DataFormat:sfntData
hasSVG:no
VariableFontType:NonVariableFont
FileLength:263984
FileModTime:691693478
NameArray:0,Mac,4,Optima Regular
%EndFont

